<?xml version="1.0" encoding="UTF-8"?>
<!-- Generated by org.testng.reporters.JUnitReportReporter -->
<testsuite hostname="EG-5CG9024YHZ" failures="0" tests="1" name="TestCases.RegisterNewAccountTest" time="34.265" errors="0" timestamp="2021-02-24T00:28:12 EET" skipped="0">
  <testcase classname="TestCases.RegisterNewAccountTest" name="UserCanRegisterSuccssfully" time="34.265"/>
  <system-out/>
</testsuite> <!-- TestCases.RegisterNewAccountTest -->
