<?xml version="1.0" encoding="UTF-8"?>
<!-- Generated by org.testng.reporters.JUnitReportReporter -->
<testsuite hostname="EG-5CG9024YHZ" failures="0" tests="1" name="TestCases.RegisterAndMakeOrder" time="134.859" errors="0" timestamp="2021-02-24T23:11:48 EET" skipped="0">
  <testcase classname="TestCases.RegisterAndMakeOrder" name="UserRegAndMakeOrder" time="134.859"/>
  <system-out/>
</testsuite> <!-- TestCases.RegisterAndMakeOrder -->
